<?xml version="1.0" encoding="UTF-8"?>
<!-- Generated by org.testng.reporters.JUnitReportReporter -->
<testsuite skipped="0" hostname="Ty-Deepak-Tr" name="com.crm.autodesk.contacttest.CreateContact" tests="1" failures="0" timestamp="28 Jan 2021 07:27:38 GMT" time="55.348" errors="0">
  <testcase name="createContactWitORgTest" time="55.348" classname="com.crm.autodesk.contacttest.CreateContact"/>
</testsuite> <!-- com.crm.autodesk.contacttest.CreateContact -->
