<?xml version="1.0" encoding="UTF-8"?>
<!-- Generated by org.testng.reporters.JUnitReportReporter -->
<testsuite skipped="0" hostname="Ty-Deepak-Tr" name="com.crm.autodesk.contacttest.CreateContact" tests="1" failures="0" timestamp="25 Jan 2021 08:37:21 GMT" time="33.461" errors="0">
  <testcase name="createContactWitORgTest" time="33.461" classname="com.crm.autodesk.contacttest.CreateContact"/>
</testsuite> <!-- com.crm.autodesk.contacttest.CreateContact -->
